{
  "stats": {
    "suites": 1,
    "tests": 3,
    "passes": 2,
    "pending": 0,
    "failures": 1,
    "start": "2023-05-21T01:21:54.158Z",
    "end": "2023-05-21T01:22:12.233Z",
    "duration": 18075,
    "testsRegistered": 3,
    "passPercent": 66.66666666666666,
    "pendingPercent": 0,
    "other": 0,
    "hasOther": false,
    "skipped": 0,
    "hasSkipped": false
  },
  "results": [
    {
      "uuid": "b6979914-0542-4a49-81d4-b017f21cd947",
      "title": "",
      "fullFile": "cypress/integration/produtos.spec.js",
      "file": "cypress/integration/produtos.spec.js",
      "beforeHooks": [],
      "afterHooks": [],
      "tests": [],
      "suites": [
        {
          "uuid": "4e1b03f8-04ac-4eff-8d86-61e6e8e77af3",
          "title": "Funcionalidade página de produtos",
          "fullFile": "",
          "file": "",
          "beforeHooks": [],
          "afterHooks": [],
          "tests": [
            {
              "title": "Deve selecionar um produto da lista",
              "fullTitle": "Funcionalidade página de produtos Deve selecionar um produto da lista",
              "timedOut": null,
              "duration": 4578,
              "state": "passed",
              "speed": "fast",
              "pass": true,
              "fail": false,
              "pending": false,
              "context": null,
              "code": "cy.get('[class=\"product-block grid\"]') // .first()\n// .last()\n///eq(3)\n.contains('Apollo Running Short').click();",
              "err": {},
              "uuid": "806947e1-6942-4ee3-828d-046dd6054ec7",
              "parentUUID": "4e1b03f8-04ac-4eff-8d86-61e6e8e77af3",
              "isHook": false,
              "skipped": false
            },
            {
              "title": "Deve adicionar um produto ao carrinho",
              "fullTitle": "Funcionalidade página de produtos Deve adicionar um produto ao carrinho",
              "timedOut": null,
              "duration": 8833,
              "state": "failed",
              "speed": null,
              "pass": false,
              "fail": true,
              "pending": false,
              "context": null,
              "code": "var qtd = 2;\ncy.get('[class=\"product-block grid\"]').contains('Ajax Full-Zip Sweatshirt').click();\ncy.get('.button-variable-item-S').click();\ncy.get('.button-variable-item-Green').click();\ncy.get('.input-text').clear().type(qtd);\ncy.get('.single_add_to_cart_button').click();\ncy.get('.dropdown-toggle > .mini-cart-items').should('contain', qtd);\ncy.get('.woocommerce-message').should('contain', qtd + ' × “Ajax Full-Zip Sweatshirt” foram adicionados no seu carrinho.');",
              "err": {
                "message": "AssertionError: Timed out retrying after 4000ms: expected '<span.mini-cart-items>' to contain 2",
                "estack": "AssertionError: Timed out retrying after 4000ms: expected '<span.mini-cart-items>' to contain 2\n    at Context.eval (http://lojaebac.ebaconline.art.br/__cypress/tests?p=cypress\\integration\\produtos.spec.js:117:51)",
                "diff": null
              },
              "uuid": "d918b1bc-0126-4f93-b0db-e59df5832798",
              "parentUUID": "4e1b03f8-04ac-4eff-8d86-61e6e8e77af3",
              "isHook": false,
              "skipped": false
            },
            {
              "title": "Deve adicionar produtos ao carrinho usando comando customizado",
              "fullTitle": "Funcionalidade página de produtos Deve adicionar produtos ao carrinho usando comando customizado",
              "timedOut": null,
              "duration": 4574,
              "state": "passed",
              "speed": "fast",
              "pass": true,
              "fail": false,
              "pending": false,
              "context": null,
              "code": "cy.addProdutos('Arcadio Gym Short', '33', 'Red', 3);",
              "err": {},
              "uuid": "3459a40f-fc7a-4485-b4b1-e4a9efa68ff0",
              "parentUUID": "4e1b03f8-04ac-4eff-8d86-61e6e8e77af3",
              "isHook": false,
              "skipped": false
            }
          ],
          "suites": [],
          "passes": [
            "806947e1-6942-4ee3-828d-046dd6054ec7",
            "3459a40f-fc7a-4485-b4b1-e4a9efa68ff0"
          ],
          "failures": [
            "d918b1bc-0126-4f93-b0db-e59df5832798"
          ],
          "pending": [],
          "skipped": [],
          "duration": 17985,
          "root": false,
          "rootEmpty": false,
          "_timeout": 2000
        }
      ],
      "passes": [],
      "failures": [],
      "pending": [],
      "skipped": [],
      "duration": 0,
      "root": true,
      "rootEmpty": true,
      "_timeout": 2000
    }
  ],
  "meta": {
    "mocha": {
      "version": "7.0.1"
    },
    "mochawesome": {
      "options": {
        "quiet": false,
        "reportFilename": "mochawesome",
        "saveHtml": true,
        "saveJson": true,
        "consoleReporter": "spec",
        "useInlineDiffs": false,
        "code": true
      },
      "version": "7.1.3"
    },
    "marge": {
      "options": null,
      "version": "6.2.0"
    }
  }
}